<?xml version="1.0" encoding="UTF-8"?>
<testng-results skipped="0" failed="0" ignored="0" total="1" passed="1">
  <reporter-output>
  </reporter-output>
  <suite name="Default suite" duration-ms="19413" started-at="2019-10-01T19:38:44 CDT" finished-at="2019-10-01T19:39:03 CDT">
    <groups>
    </groups>
    <test name="Default test" duration-ms="19413" started-at="2019-10-01T19:38:44 CDT" finished-at="2019-10-01T19:39:03 CDT">
      <class name="Testcase.UserPagetest">
        <test-method status="PASS" signature="New_User_upadte()[pri:0, instance:Testcase.UserPagetest@5abca1e0]" name="New_User_upadte" duration-ms="19329" started-at="2019-10-01T19:38:44 CDT" finished-at="2019-10-01T19:39:03 CDT">
          <reporter-output>
          </reporter-output>
        </test-method> <!-- New_User_upadte -->
      </class> <!-- Testcase.UserPagetest -->
    </test> <!-- Default test -->
  </suite> <!-- Default suite -->
</testng-results>
