<?xml version="1.0" encoding="UTF-8"?>
<testng-results skipped="0" failed="0" ignored="0" total="4" passed="4">
  <reporter-output>
  </reporter-output>
  <suite name="Default suite" duration-ms="52060" started-at="2019-09-24T13:34:06 CDT" finished-at="2019-09-24T13:34:58 CDT">
    <groups>
    </groups>
    <test name="Default test" duration-ms="52060" started-at="2019-09-24T13:34:06 CDT" finished-at="2019-09-24T13:34:58 CDT">
      <class name="DemoDatadriven.TestDataDriven">
        <test-method status="PASS" signature="testcase(java.lang.String, java.lang.String)[pri:0, instance:DemoDatadriven.TestDataDriven@339a3670]" name="testcase" duration-ms="14784" started-at="2019-09-24T13:34:06 CDT" data-provider="logintest" finished-at="2019-09-24T13:34:21 CDT">
          <params>
            <param index="0">
              <value>
                <![CDATA[Admin]]>
              </value>
            </param>
            <param index="1">
              <value>
                <![CDATA[admin123]]>
              </value>
            </param>
          </params>
          <reporter-output>
          </reporter-output>
        </test-method> <!-- testcase -->
        <test-method status="PASS" signature="testcase(java.lang.String, java.lang.String)[pri:0, instance:DemoDatadriven.TestDataDriven@339a3670]" name="testcase" duration-ms="12866" started-at="2019-09-24T13:34:21 CDT" data-provider="logintest" finished-at="2019-09-24T13:34:34 CDT">
          <params>
            <param index="0">
              <value>
                <![CDATA[Admin]]>
              </value>
            </param>
            <param index="1">
              <value>
                <![CDATA[admin1234]]>
              </value>
            </param>
          </params>
          <reporter-output>
          </reporter-output>
        </test-method> <!-- testcase -->
        <test-method status="PASS" signature="testcase(java.lang.String, java.lang.String)[pri:0, instance:DemoDatadriven.TestDataDriven@339a3670]" name="testcase" duration-ms="11804" started-at="2019-09-24T13:34:34 CDT" data-provider="logintest" finished-at="2019-09-24T13:34:46 CDT">
          <params>
            <param index="0">
              <value>
                <![CDATA[Admim]]>
              </value>
            </param>
            <param index="1">
              <value>
                <![CDATA[admin123]]>
              </value>
            </param>
          </params>
          <reporter-output>
          </reporter-output>
        </test-method> <!-- testcase -->
        <test-method status="PASS" signature="testcase(java.lang.String, java.lang.String)[pri:0, instance:DemoDatadriven.TestDataDriven@339a3670]" name="testcase" duration-ms="12065" started-at="2019-09-24T13:34:46 CDT" data-provider="logintest" finished-at="2019-09-24T13:34:58 CDT">
          <params>
            <param index="0">
              <value>
                <![CDATA[Admim]]>
              </value>
            </param>
            <param index="1">
              <value>
                <![CDATA[admin1234]]>
              </value>
            </param>
          </params>
          <reporter-output>
          </reporter-output>
        </test-method> <!-- testcase -->
      </class> <!-- DemoDatadriven.TestDataDriven -->
    </test> <!-- Default test -->
  </suite> <!-- Default suite -->
</testng-results>
